<?xml version="1.0" encoding="UTF-8"?>
<testng-results ignored="0" total="1" passed="1" failed="0" skipped="0">
  <reporter-output>
  </reporter-output>
  <suite started-at="2024-07-30T15:57:20 IST" name="Default suite" finished-at="2024-07-30T15:57:20 IST" duration-ms="61">
    <groups>
    </groups>
    <test started-at="2024-07-30T15:57:20 IST" name="Default test" finished-at="2024-07-30T15:57:20 IST" duration-ms="61">
      <class name="pracitce.CreateOrginisation">
        <test-method signature="OrginisationTest()[pri:0, instance:pracitce.CreateOrginisation@13e344d]" started-at="2024-07-30T15:57:20 IST" name="OrginisationTest" finished-at="2024-07-30T15:57:20 IST" duration-ms="8" status="PASS">
          <reporter-output>
          </reporter-output>
        </test-method> <!-- OrginisationTest -->
      </class> <!-- pracitce.CreateOrginisation -->
    </test> <!-- Default test -->
  </suite> <!-- Default suite -->
</testng-results>
